<?xml version="1.0" encoding="UTF-8"?>
<testng-results ignored="0" total="3" passed="3" failed="0" skipped="0">
  <reporter-output>
  </reporter-output>
  <suite started-at="2025-05-20T22:33:32 ICT" name="SauceDemoSuite" finished-at="2025-05-20T22:33:43 ICT" duration-ms="11264">
    <groups>
    </groups>
    <test started-at="2025-05-20T22:33:32 ICT" name="AllTests" finished-at="2025-05-20T22:33:43 ICT" duration-ms="11264">
      <class name="tests.TC2_AddToCartAndCheckout">
        <test-method is-config="true" signature="setUp()[pri:0, instance:tests.TC2_AddToCartAndCheckout@25a65b77]" started-at="2025-05-20T22:33:36 ICT" name="setUp" finished-at="2025-05-20T22:33:37 ICT" duration-ms="996" status="PASS">
          <reporter-output>
          </reporter-output>
        </test-method> <!-- setUp -->
        <test-method signature="AddToCartAndCheckoutFlow(java.lang.String, java.lang.String)[pri:0, instance:tests.TC2_AddToCartAndCheckout@25a65b77]" started-at="2025-05-20T22:33:37 ICT" name="AddToCartAndCheckoutFlow" data-provider="LoginData2" finished-at="2025-05-20T22:33:43 ICT" duration-ms="5904" status="PASS">
          <params>
            <param index="0">
              <value>
                <![CDATA[standard_user]]>
              </value>
            </param>
            <param index="1">
              <value>
                <![CDATA[secret_sauce]]>
              </value>
            </param>
          </params>
          <reporter-output>
          </reporter-output>
        </test-method> <!-- AddToCartAndCheckoutFlow -->
        <test-method is-config="true" signature="tearDown()[pri:0, instance:tests.TC2_AddToCartAndCheckout@25a65b77]" started-at="2025-05-20T22:33:43 ICT" name="tearDown" finished-at="2025-05-20T22:33:43 ICT" duration-ms="153" status="PASS">
          <reporter-output>
          </reporter-output>
        </test-method> <!-- tearDown -->
      </class> <!-- tests.TC2_AddToCartAndCheckout -->
      <class name="tests.TC1_Login">
        <test-method is-config="true" signature="setUp()[pri:0, instance:tests.TC1_Login@240237d2]" started-at="2025-05-20T22:33:32 ICT" name="setUp" finished-at="2025-05-20T22:33:34 ICT" duration-ms="1812" status="PASS">
          <reporter-output>
          </reporter-output>
        </test-method> <!-- setUp -->
        <test-method signature="executeLoginTest(java.lang.String, java.lang.String)[pri:0, instance:tests.TC1_Login@240237d2]" started-at="2025-05-20T22:33:34 ICT" name="executeLoginTest" data-provider="LoginData" finished-at="2025-05-20T22:33:35 ICT" duration-ms="285" status="PASS">
          <params>
            <param index="0">
              <value>
                <![CDATA[standard_user]]>
              </value>
            </param>
            <param index="1">
              <value>
                <![CDATA[secret_sauce]]>
              </value>
            </param>
          </params>
          <reporter-output>
          </reporter-output>
        </test-method> <!-- executeLoginTest -->
        <test-method is-config="true" signature="tearDown()[pri:0, instance:tests.TC1_Login@240237d2]" started-at="2025-05-20T22:33:35 ICT" name="tearDown" finished-at="2025-05-20T22:33:35 ICT" duration-ms="160" status="PASS">
          <reporter-output>
          </reporter-output>
        </test-method> <!-- tearDown -->
        <test-method is-config="true" signature="setUp()[pri:0, instance:tests.TC1_Login@240237d2]" started-at="2025-05-20T22:33:35 ICT" name="setUp" finished-at="2025-05-20T22:33:36 ICT" duration-ms="949" status="PASS">
          <reporter-output>
          </reporter-output>
        </test-method> <!-- setUp -->
        <test-method signature="executeLoginTest(java.lang.String, java.lang.String)[pri:0, instance:tests.TC1_Login@240237d2]" started-at="2025-05-20T22:33:36 ICT" name="executeLoginTest" data-provider="LoginData" finished-at="2025-05-20T22:33:36 ICT" duration-ms="326" status="PASS">
          <params>
            <param index="0">
              <value>
                <![CDATA[problem_user]]>
              </value>
            </param>
            <param index="1">
              <value>
                <![CDATA[secret_sauce]]>
              </value>
            </param>
          </params>
          <reporter-output>
          </reporter-output>
        </test-method> <!-- executeLoginTest -->
        <test-method is-config="true" signature="tearDown()[pri:0, instance:tests.TC1_Login@240237d2]" started-at="2025-05-20T22:33:36 ICT" name="tearDown" finished-at="2025-05-20T22:33:36 ICT" duration-ms="193" status="PASS">
          <reporter-output>
          </reporter-output>
        </test-method> <!-- tearDown -->
      </class> <!-- tests.TC1_Login -->
    </test> <!-- AllTests -->
  </suite> <!-- SauceDemoSuite -->
</testng-results>
