<?xml version="1.0" encoding="UTF-8"?>
<!-- Generated by org.testng.reporters.JUnitXMLReporter -->
<testsuite ignored="0" hostname="LEGEND" failures="0" tests="3" name="AllTests" time="11.264" errors="0" timestamp="2025-05-20T22:33:43 ICT">
  <testcase classname="tests.TC1_Login" name="executeLoginTest" time="0.285"/>
  <testcase classname="tests.TC1_Login" name="executeLoginTest" time="0.326"/>
  <testcase classname="tests.TC2_AddToCartAndCheckout" name="AddToCartAndCheckoutFlow" time="5.904"/>
</testsuite> <!-- AllTests -->
