<?xml version="1.0" encoding="UTF-8"?>
<!-- Generated by org.testng.reporters.JUnitXMLReporter -->
<testsuite ignored="0" hostname="LEGEND" failures="0" tests="3" name="AllTests" time="10.545" errors="0" timestamp="2025-05-20T23:20:36 ICT">
  <testcase classname="tests.TC1_Login" name="executeLoginTest" time="0.312"/>
  <testcase classname="tests.TC1_Login" name="executeLoginTest" time="0.291"/>
  <testcase classname="tests.TC2_AddToCartAndCheckout" name="AddToCartAndCheckoutFlow" time="5.822"/>
</testsuite> <!-- AllTests -->
