<?xml version="1.0" encoding="UTF-8"?>
<testsuite xmlns:xsi="http://www.w3.org/2001/XMLSchema-instance" xsi:noNamespaceSchemaLocation="https://maven.apache.org/surefire/maven-surefire-plugin/xsd/surefire-test-report.xsd" name="TestSuite" time="10.833" tests="3" errors="0" skipped="0" failures="0">
  <properties>
[...]
</properties>
  <testcase name="executeLoginTest" classname="tests.TC1_Login" time="0.316"/>
  <testcase name="executeLoginTest" classname="tests.TC1_Login" time="0.291"/>
  <testcase name="AddToCartAndCheckoutFlow" classname="tests.TC2_AddToCartAndCheckout" time="5.822"/>
</testsuite>